# JRE version: Java(TM) SE Runtime Environment (8.0_341-b10) (build 1.8.0_341-b10)
# Java VM: Java HotSpot(TM) 64-Bit Server VM (25.341-b10 mixed mode windows-amd64 compressed oops)
Heap:
 PSYoungGen      total 75264K, used 47526K [0x000000076c500000, 0x0000000771900000, 0x00000007c0000000)
  eden space 64512K, 64% used [0x000000076c500000,0x000000076ed72480,0x0000000770400000)
  from space 10752K, 56% used [0x0000000770e80000,0x0000000771477670,0x0000000771900000)
  to   space 10752K, 0% used [0x0000000770400000,0x0000000770400000,0x0000000770e80000)
 ParOldGen       total 172032K, used 24K [0x00000006c4e00000, 0x00000006cf600000, 0x000000076c500000)
  object space 172032K, 0% used [0x00000006c4e00000,0x00000006c4e06000,0x00000006cf600000)
 Metaspace       used 15451K, capacity 16492K, committed 16640K, reserved 1062912K
  class space    used 2262K, capacity 2485K, committed 2560K, reserved 1048576K
GC Heap History (4 events):
Event: 0.762 GC heap before
{Heap before GC invocations=1 (full 0):
 PSYoungGen      total 75264K, used 64512K [0x000000076c500000, 0x0000000771900000, 0x00000007c0000000)
  eden space 64512K, 100% used [0x000000076c500000,0x0000000770400000,0x0000000770400000)
  from space 10752K, 0% used [0x0000000770e80000,0x0000000770e80000,0x0000000771900000)
  to   space 10752K, 0% used [0x0000000770400000,0x0000000770400000,0x0000000770e80000)
 ParOldGen       total 172032K, used 0K [0x00000006c4e00000, 0x00000006cf600000, 0x000000076c500000)
  object space 172032K, 0% used [0x00000006c4e00000,0x00000006c4e00000,0x00000006cf600000)
 Metaspace       used 10596K, capacity 11524K, committed 11776K, reserved 1058816K
  class space    used 1318K, capacity 1520K, committed 1536K, reserved 1048576K
Event: 0.766 GC heap after
Heap after GC invocations=1 (full 0):
 PSYoungGen      total 75264K, used 4974K [0x000000076c500000, 0x0000000771900000, 0x00000007c0000000)
  eden space 64512K, 0% used [0x000000076c500000,0x000000076c500000,0x0000000770400000)
  from space 10752K, 46% used [0x0000000770400000,0x00000007708db988,0x0000000770e80000)
  to   space 10752K, 0% used [0x0000000770e80000,0x0000000770e80000,0x0000000771900000)
 ParOldGen       total 172032K, used 16K [0x00000006c4e00000, 0x00000006cf600000, 0x000000076c500000)
  object space 172032K, 0% used [0x00000006c4e00000,0x00000006c4e04000,0x00000006cf600000)
 Metaspace       used 10596K, capacity 11524K, committed 11776K, reserved 1058816K
  class space    used 1318K, capacity 1520K, committed 1536K, reserved 1048576K
}
Event: 1.052 GC heap before
{Heap before GC invocations=2 (full 0):
 PSYoungGen      total 75264K, used 69486K [0x000000076c500000, 0x0000000771900000, 0x00000007c0000000)
  eden space 64512K, 100% used [0x000000076c500000,0x0000000770400000,0x0000000770400000)
  from space 10752K, 46% used [0x0000000770400000,0x00000007708db988,0x0000000770e80000)
  to   space 10752K, 0% used [0x0000000770e80000,0x0000000770e80000,0x0000000771900000)
 ParOldGen       total 172032K, used 16K [0x00000006c4e00000, 0x00000006cf600000, 0x000000076c500000)
  object space 172032K, 0% used [0x00000006c4e00000,0x00000006c4e04000,0x00000006cf600000)
 Metaspace       used 13723K, capacity 14726K, committed 14976K, reserved 1062912K
  class space    used 1930K, capacity 2134K, committed 2176K, reserved 1048576K
Event: 1.056 GC heap after
Heap after GC invocations=2 (full 0):
 PSYoungGen      total 75264K, used 6109K [0x000000076c500000, 0x0000000771900000, 0x00000007c0000000)
  eden space 64512K, 0% used [0x000000076c500000,0x000000076c500000,0x0000000770400000)
  from space 10752K, 56% used [0x0000000770e80000,0x0000000771477670,0x0000000771900000)
  to   space 10752K, 0% used [0x0000000770400000,0x0000000770400000,0x0000000770e80000)
 ParOldGen       total 172032K, used 24K [0x00000006c4e00000, 0x00000006cf600000, 0x000000076c500000)
  object space 172032K, 0% used [0x00000006c4e00000,0x00000006c4e06000,0x00000006cf600000)
 Metaspace       used 13723K, capacity 14726K, committed 14976K, reserved 1062912K
  class space    used 1930K, capacity 2134K, committed 2176K, reserved 1048576K
}

